1585897920897	geckodriver	INFO	geckodriver 0.19.0
1585897920915	geckodriver	INFO	Listening on 127.0.0.1:54213
1585897923999	mozrunner::runner	INFO	Running command: "G:\\Browser\\Firefox\\firefox.exe" "-marionette" "-profile" "C:\\Users\\yuqi\\AppData\\Local\\Temp\\rust_mozprofile.3qfLlDD6qOvv"
1585897924605	addons.xpi	WARN	Error parsing extensions state: [Exception... "Component returned failure code: 0x80520012 (NS_ERROR_FILE_NOT_FOUND) [amIAddonManagerStartup.readStartupData]"  nsresult: "0x80520012 (NS_ERROR_FILE_NOT_FOUND)"  location: "JS frame :: resource://gre/modules/addons/XPIProvider.jsm :: loadExtensionState :: line 1554"  data: no] Stack trace: loadExtensionState()@resource://gre/modules/addons/XPIProvider.jsm:1554 < getInstallState()@resource://gre/modules/addons/XPIProvider.jsm:1589 < checkForChanges()@resource://gre/modules/addons/XPIProvider.jsm:3109 < startup()@resource://gre/modules/addons/XPIProvider.jsm:2188 < callProvider()@resource://gre/modules/AddonManager.jsm:269 < _startProvider()@resource://gre/modules/AddonManager.jsm:739 < startup()@resource://gre/modules/AddonManager.jsm:906 < startup()@resource://gre/modules/AddonManager.jsm:3090 < observe()@jar:file:///G:/Browser/Firefox/omni.ja!/components/addonManager.js:65
Unable to read VR Path Registry from C:\Users\yuqi\AppData\Local\openvr\openvrpaths.vrpath
1585897924945	Marionette	INFO	Enabled via --marionette
Unable to read VR Path Registry from C:\Users\yuqi\AppData\Local\openvr\openvrpaths.vrpath
Unable to read VR Path Registry from C:\Users\yuqi\AppData\Local\openvr\openvrpaths.vrpath
Unable to read VR Path Registry from C:\Users\yuqi\AppData\Local\openvr\openvrpaths.vrpath
[Child 8628] WARNING: pipe error: 109: file z:/build/build/src/ipc/chromium/src/chrome/common/ipc_channel_win.cc, line 346
[Child 8628] WARNING: pipe er1585897926300	Marionette	INFO	Listening on port 54222
Unable to read VR Path Registry from C:\Users\yuqi\AppData\Local\openvr\openvrpaths.vrpath
1585897927124	Marionette	WARN	TLS certificate errors will be ignored for this session
1585897927152	Marionette	DEBUG	Register listener.js for window 4294967297
1585897927176	Marionette	DEBUG	Received DOM event "beforeunload" for "about:blank"
1585897927400	Marionette	DEBUG	Received DOM event "pagehide" for "about:blank"
1585897927400	Marionette	DEBUG	Received DOM event "unload" for "about:blank"
1585897927718	Marionette	DEBUG	Received DOM event "DOMContentLoaded" for "https://www.baidu.com/"
1585897927777	Marionette	DEBUG	Received DOM event "pageshow" for "https://www.baidu.com/"
[*** UTM:SVC TimerManager:registerTimer called after profile-before-change notification. Ignoring timer regist1585897962546	mozrunner::runner	INFO	Running command: "G:\\Browser\\Firefox\\firefox.exe" "-marionette" "-profile" "C:\\Users\\yuqi\\AppData\\Local\\Temp\\rust_mozprofile.E06WWnGLH5Nk"
1585897963181	addons.xpi	WARN	Error parsing extensions state: [Exception... "Component returned failure code: 0x80520012 (NS_ERROR_FILE_NOT_FOUND) [amIAddonManagerStartup.readStartupData]"  nsresult: "0x80520012 (NS_ERROR_FILE_NOT_FOUND)"  location: "JS frame :: resource://gre/modules/addons/XPIProvider.jsm :: loadExtensionState :: line 1554"  data: no] Stack trace: loadExtensionState()@resource://gre/modules/addons/XPIProvider.jsm:1554 < getInstallState()@resource://gre/modules/addons/XPIProvider.jsm:1589 < checkForChanges()@resource://gre/modules/addons/XPIProvider.jsm:3109 < startup()@resource://gre/modules/addons/XPIProvider.jsm:2188 < callProvider()@resource://gre/modules/AddonManager.jsm:269 < _startProvider()@resource://gre/modules/AddonManager.jsm:739 < startup()@resource://gre/modules/AddonManager.jsm:906 < startup()@resource://gre/modules/AddonManager.jsm:3090 < observe()@jar:file:///G:/Browser/Firefox/omni.ja!/components/addonManager.js:65
Unable to read VR Path Registry from C:\Users\yuqi\AppData\Local\openvr\openvrpaths.vrpath
1585897963523	Marionette	INFO	Enabled via --marionette
Unable to read VR Path Registry from C:\Users\yuqi\AppData\Local\openvr\openvrpaths.vrpath
Unable to read VR Path Registry from C:\Users\yuqi\AppData\Local\openvr\openvrpaths.vrpath
Unable to read VR Path Registry from C:\Users\yuqi\AppData\Local\openvr\openvrpaths.vrpath
[Parent 8560] WARNING: pipe error: 109: file z:/build/build/src/ipc/chromium/src/chrome/common/ipc_channel_win.cc, line 346
[Child 7700] WARNING: pipe error: 109: file z:/build/build/src/ipc/chromium/src/chrome/common/ipc_channel_win.cc, line 346
[Child 7700] WARNING: pipe error: 109: file z:/build/build/src/ipc/chromium/src/chrome/common/ipc_channel_win.cc, line 346
Unable to read VR Path Registry from C:\Users\yuqi\AppData\Local\openvr\openvrpaths.vrpath
1585897964832	Marionette	INFO	Listening on port 54281
1585897965659	Marionette	WARN	TLS certificate errors will be ignored for this session
1585897965688	Marionette	DEBUG	Register listener.js for window 4294967297
1585897965711	Marionette	DEBUG	Received DOM event "beforeunload" for "about:blank"
1585897965870	Marionette	DEBUG	Received DOM event "pagehide" for "about:blank"
1585897965870	Marionette	DEBUG	Received DOM event "unload" for "about:blank"
1585897966145	Marionette	DEBUG	Received DOM event "DOMContentLoaded" for "https://www.baidu.com/"
1585897966202	Marionette	DEBUG	Received DOM event "pageshow" for "https://www.baidu.com/"
1585897966245	Marionette	INFO	New connections will no longer be accepted
[GFX1-]: Receive IPC close with reason=AbnormalShutdown
1585898048106	geckodriver	INFO	geckodriver 0.19.0
1585898048127	geckodriver	INFO	Listening on 127.0.0.1:54343
1585898051249	mozrunner::runner	INFO	Running command: "G:\\Browser\\Firefox\\firefox.exe" "-marionette" "-profile" "C:\\Users\\yuqi\\AppData\\Local\\Temp\\rust_mozprofile.IlsM4mA6RRk9"
1585898051824	addons.xpi	WARN	Error parsing extensions state: [Exception... "Component returned failure code: 0x80520012 (NS_ERROR_FILE_NOT_FOUND) [amIAddonManagerStartup.readStartupData]"  nsresult: "0x80520012 (NS_ERROR_FILE_NOT_FOUND)"  location: "JS frame :: resource://gre/modules/addons/XPIProvider.jsm :: loadExtensionState :: line 1554"  data: no] Stack trace: loadExtensionState()@resource://gre/modules/addons/XPIProvider.jsm:1554 < getInstallState()@resource://gre/modules/addons/XPIProvider.jsm:1589 < checkForChanges()@resource://gre/modules/addons/XPIProvider.jsm:3109 < startup()@resource://gre/modules/addons/XPIProvider.jsm:2188 < callProvider()@resource://gre/modules/AddonManager.jsm:269 < _startProvider()@resource://gre/modules/AddonManager.jsm:739 < startup()@resource://gre/modules/AddonManager.jsm:906 < startup()@resource://gre/modules/AddonManager.jsm:3090 < observe()@jar:file:///G:/Browser/Firefox/omni.ja!/components/addonManager.js:65
Unable to read VR Path Registry from C:\Users\yuqi\AppData\Local\openvr\openvrpaths.vrpath
1585898052163	Marionette	INFO	Enabled via --marionette
Unable to read VR Path Registry from C:\Users\yuqi\AppData\Local\openvr\openvrpaths.vrpath
Unable to read VR Path Registry from C:\Users\yuqi\AppData\Local\openvr\openvrpaths.vrpath
Unable to read VR Path Registry from C:\Users\yuqi\AppData\Local\openvr\openvrpaths.vrpath
[Child 15092] WARNING: pipe error: 109: file z:/build/build/src/ipc/chromium/src/chrome/common/ipc_channel_win.cc, line 346
[Child 15092] WARNING: pipe errUnable to read VR Path Registry from C:\Users\yuqi\AppData\Local\openvr\openvrpaths.vrpath
1585898053414	Marionette	INFO	Listening on port 54351
1585898054372	Marionette	WARN	TLS certificate errors will be ignored for this session
1585898054414	Marionette	DEBUG	Register listener.js for window 4294967297
1585898054436	Marionette	DEBUG	Received DOM event "beforeunload" for "about:blank"
1585898054603	Marionette	DEBUG	Received DOM event "pagehide" for "about:blank"
1585898054604	Marionette	DEBUG	Received DOM event "unload" for "about:blank"
1585898054889	Marionette	DEBUG	Received DOM event "DOMContentLoaded" for "https://www.baidu.com/"
1585898054949	Marionette	DEBUG	Received DOM event "pageshow" for "https://www.baidu.com/"
[Parent 14884] WARNING: pipe error: 109: file z:/build/build/src/ipc/chromium/src/chrome/common/ipc_channel_wi1585898083762	mozrunner::runner	INFO	Running command: "G:\\Browser\\Firefox\\firefox.exe" "-marionette" "-profile" "C:\\Users\\yuqi\\AppData\\Local\\Temp\\rust_mozprofile.s5VP30AKycMl"
1585898084291	addons.xpi	WARN	Error parsing extensions state: [Exception... "Component returned failure code: 0x80520012 (NS_ERROR_FILE_NOT_FOUND) [amIAddonManagerStartup.readStartupData]"  nsresult: "0x80520012 (NS_ERROR_FILE_NOT_FOUND)"  location: "JS frame :: resource://gre/modules/addons/XPIProvider.jsm :: loadExtensionState :: line 1554"  data: no] Stack trace: loadExtensionState()@resource://gre/modules/addons/XPIProvider.jsm:1554 < getInstallState()@resource://gre/modules/addons/XPIProvider.jsm:1589 < checkForChanges()@resource://gre/modules/addons/XPIProvider.jsm:3109 < startup()@resource://gre/modules/addons/XPIProvider.jsm:2188 < callProvider()@resource://gre/modules/AddonManager.jsm:269 < _startProvider()@resource://gre/modules/AddonManager.jsm:739 < startup()@resource://gre/modules/AddonManager.jsm:906 < startup()@resource://gre/modules/AddonManager.jsm:3090 < observe()@jar:file:///G:/Browser/Firefox/omni.ja!/components/addonManager.js:65
Unable to read VR Path Registry from C:\Users\yuqi\AppData\Local\openvr\openvrpaths.vrpath
1585898084633	Marionette	INFO	Enabled via --marionette
Unable to read VR Path Registry from C:\Users\yuqi\AppData\Local\openvr\openvrpaths.vrpath
Unable to read VR Path Registry from C:\Users\yuqi\AppData\Local\openvr\openvrpaths.vrpath
Unable to read VR Path Registry from C:\Users\yuqi\AppData\Local\openvr\openvrpaths.vrpath
[Child 12200] WARNING: pipe error: 109: file z:/build/build/src/ipc/chromium/src/chrome/common/ipc_channel_win.cc, line 346
[Child 12200] WARNING: pip1585898085909	Marionette	INFO	Listening on port 54411
Unable to read VR Path Registry from C:\Users\yuqi\AppData\Local\openvr\openvrpaths.vrpath
1585898086886	Marionette	WARN	TLS certificate errors will be ignored for this session
1585898086937	Marionette	DEBUG	Register listener.js for window 4294967297
1585898086965	Marionette	DEBUG	Received DOM event "beforeunload" for "about:blank"
1585898087171	Marionette	DEBUG	Received DOM event "pagehide" for "about:blank"
1585898087172	Marionette	DEBUG	Received DOM event "unload" for "about:blank"
1585898087413	Marionette	DEBUG	Received DOM event "DOMContentLoaded" for "https://www.baidu.com/"
1585898087474	Marionette	DEBUG	Received DOM event "pageshow" for "https://www.baidu.com/"
1585898087526	Marionette	INFO	New connections will no longer be accepted
[GFX1-]: Receive IPC close with reason=AbnormalShutdown
